[35m 13:20 [0m 	[32mUsername: 'whoever' : IP: ::1 : Route: /edit/Download : Function: undefined : File: editRoutes.ts : Result: [object Object][0m
[35m 13:20 [0m 	[93mUsername: 'whoever' : IP: ::1 : Route: /edit/Download : Function: undefined : File: editRoutes.ts : Result: TypeError [ERR_INVALID_ARG_TYPE]: The "paths[0]" argument must be of type string. Received undefined
    at new NodeError (node:internal/errors:405:5)
    at validateString (node:internal/validators:162:11)
    at resolve (node:path:171:9)
    at ServerResponse.download (F:\github\final-cms\server\node_modules\express\lib\response.js:595:7)
    at F:\github\final-cms\server\routes\editRoutes.ts:258:17
    at Generator.next (<anonymous>)
    at fulfilled (F:\github\final-cms\server\routes\editRoutes.ts:5:58)[0m
[35m 13:21 [0m 	[32mUsername: 'whoever' : IP: ::1 : Route: /edit/Download : Function: undefined : File: editRoutes.ts : Result: [object Object][0m
[35m 13:21 [0m 	[93mUsername: 'whoever' : IP: ::1 : Route: /edit/Download : Function: undefined : File: editRoutes.ts : Result: TypeError [ERR_INVALID_ARG_TYPE]: The "paths[0]" argument must be of type string. Received undefined
    at new NodeError (node:internal/errors:405:5)
    at validateString (node:internal/validators:162:11)
    at resolve (node:path:171:9)
    at ServerResponse.download (F:\github\final-cms\server\node_modules\express\lib\response.js:595:7)
    at F:\github\final-cms\server\routes\editRoutes.ts:260:17
    at Generator.next (<anonymous>)
    at fulfilled (F:\github\final-cms\server\routes\editRoutes.ts:5:58)[0m
[35m 13:22 [0m 	[32mUsername: 'whoever' : IP: ::1 : Route: /edit/Download : Function: undefined : File: editRoutes.ts : Result: [object Object][0m
[35m 13:22 [0m 	[93mUsername: 'whoever' : IP: ::1 : Route: /edit/Download : Function: undefined : File: editRoutes.ts : Result: TypeError [ERR_INVALID_ARG_TYPE]: The "paths[0]" argument must be of type string. Received undefined
    at new NodeError (node:internal/errors:405:5)
    at validateString (node:internal/validators:162:11)
    at resolve (node:path:171:9)
    at ServerResponse.download (F:\github\final-cms\server\node_modules\express\lib\response.js:595:7)
    at F:\github\final-cms\server\routes\editRoutes.ts:260:17
    at Generator.next (<anonymous>)
    at fulfilled (F:\github\final-cms\server\routes\editRoutes.ts:5:58)[0m
[35m 13:22 [0m 	[32mUsername: 'whoever' : IP: ::1 : Route: /edit/Download : Function: undefined : File: editRoutes.ts : Result: [object Object][0m
[35m 13:22 [0m 	[93mUsername: 'whoever' : IP: ::1 : Route: /edit/Download : Function: undefined : File: editRoutes.ts : Result: TypeError [ERR_INVALID_ARG_TYPE]: The "paths[0]" argument must be of type string. Received undefined
    at new NodeError (node:internal/errors:405:5)
    at validateString (node:internal/validators:162:11)
    at resolve (node:path:171:9)
    at ServerResponse.download (F:\github\final-cms\server\node_modules\express\lib\response.js:595:7)
    at F:\github\final-cms\server\routes\editRoutes.ts:260:17
    at Generator.next (<anonymous>)
    at fulfilled (F:\github\final-cms\server\routes\editRoutes.ts:5:58)[0m
[35m 13:23 [0m 	[32mUsername: 'whoever' : IP: ::1 : Route: /edit/Download : Function: undefined : File: editRoutes.ts : Result: [object Object][0m
[35m 13:23 [0m 	[93mUsername: 'whoever' : IP: ::1 : Route: /edit/Download : Function: undefined : File: editRoutes.ts : Result: TypeError [ERR_INVALID_ARG_TYPE]: The "paths[0]" argument must be of type string. Received undefined
    at new NodeError (node:internal/errors:405:5)
    at validateString (node:internal/validators:162:11)
    at resolve (node:path:171:9)
    at ServerResponse.download (F:\github\final-cms\server\node_modules\express\lib\response.js:595:7)
    at F:\github\final-cms\server\routes\editRoutes.ts:260:17
    at Generator.next (<anonymous>)
    at fulfilled (F:\github\final-cms\server\routes\editRoutes.ts:5:58)[0m
[35m 13:23 [0m 	[32mUsername: 'whoever' : IP: ::1 : Route: /edit/Download : Function: undefined : File: editRoutes.ts : Result: [object Object][0m
[35m 13:23 [0m 	[93mUsername: 'whoever' : IP: ::1 : Route: /edit/Download : Function: undefined : File: editRoutes.ts : Result: TypeError [ERR_INVALID_ARG_TYPE]: The "paths[0]" argument must be of type string. Received undefined
    at new NodeError (node:internal/errors:405:5)
    at validateString (node:internal/validators:162:11)
    at resolve (node:path:171:9)
    at ServerResponse.download (F:\github\final-cms\server\node_modules\express\lib\response.js:595:7)
    at F:\github\final-cms\server\routes\editRoutes.ts:261:17
    at Generator.next (<anonymous>)
    at fulfilled (F:\github\final-cms\server\routes\editRoutes.ts:5:58)[0m
[35m 13:23 [0m 	[32mUsername: 'whoever' : IP: ::1 : Route: /edit/Download : Function: undefined : File: editRoutes.ts : Result: [object Object][0m
[35m 13:23 [0m 	[93mUsername: 'whoever' : IP: ::1 : Route: /edit/Download : Function: undefined : File: editRoutes.ts : Result: TypeError [ERR_INVALID_ARG_TYPE]: The "paths[0]" argument must be of type string. Received undefined
    at new NodeError (node:internal/errors:405:5)
    at validateString (node:internal/validators:162:11)
    at resolve (node:path:171:9)
    at ServerResponse.download (F:\github\final-cms\server\node_modules\express\lib\response.js:595:7)
    at F:\github\final-cms\server\routes\editRoutes.ts:261:17
    at Generator.next (<anonymous>)
    at fulfilled (F:\github\final-cms\server\routes\editRoutes.ts:5:58)[0m
[35m 13:24 [0m 	[32mUsername: 'whoever' : IP: ::1 : Route: /edit/Download : Function: undefined : File: editRoutes.ts : Result: [object Object][0m
[35m 13:24 [0m 	[93mUsername: 'whoever' : IP: ::1 : Route: /edit/Download : Function: undefined : File: editRoutes.ts : Result: TypeError [ERR_INVALID_ARG_TYPE]: The "paths[0]" argument must be of type string. Received undefined
    at new NodeError (node:internal/errors:405:5)
    at validateString (node:internal/validators:162:11)
    at resolve (node:path:171:9)
    at ServerResponse.download (F:\github\final-cms\server\node_modules\express\lib\response.js:595:7)
    at F:\github\final-cms\server\routes\editRoutes.ts:261:17
    at Generator.next (<anonymous>)
    at fulfilled (F:\github\final-cms\server\routes\editRoutes.ts:5:58)[0m
[35m 13:24 [0m 	[32mUsername: 'whoever' : IP: ::1 : Route: /edit/Download : Function: undefined : File: editRoutes.ts : Result: [object Object][0m
[35m 13:24 [0m 	[93mUsername: 'whoever' : IP: ::1 : Route: /edit/Download : Function: undefined : File: editRoutes.ts : Result: TypeError [ERR_INVALID_ARG_TYPE]: The "paths[0]" argument must be of type string. Received undefined
    at new NodeError (node:internal/errors:405:5)
    at validateString (node:internal/validators:162:11)
    at resolve (node:path:171:9)
    at ServerResponse.download (F:\github\final-cms\server\node_modules\express\lib\response.js:595:7)
    at F:\github\final-cms\server\routes\editRoutes.ts:261:17
    at Generator.next (<anonymous>)
    at fulfilled (F:\github\final-cms\server\routes\editRoutes.ts:5:58)[0m
[35m 13:24 [0m 	[32mUsername: 'whoever' : IP: ::1 : Route: /edit/Download : Function: undefined : File: editRoutes.ts : Result: [object Object][0m
[35m 13:24 [0m 	[93mUsername: 'whoever' : IP: ::1 : Route: /edit/Download : Function: undefined : File: editRoutes.ts : Result: TypeError [ERR_INVALID_ARG_TYPE]: The "paths[0]" argument must be of type string. Received undefined
    at new NodeError (node:internal/errors:405:5)
    at validateString (node:internal/validators:162:11)
    at resolve (node:path:171:9)
    at ServerResponse.download (F:\github\final-cms\server\node_modules\express\lib\response.js:595:7)
    at F:\github\final-cms\server\routes\editRoutes.ts:261:17
    at Generator.next (<anonymous>)
    at fulfilled (F:\github\final-cms\server\routes\editRoutes.ts:5:58)[0m
[35m 13:25 [0m 	[93mUsername: 'whoever' : IP: ::1 : Route: /edit/Download : Function: undefined : File: editRoutes.ts : Result: TypeError [ERR_INVALID_ARG_TYPE]: The "paths[0]" argument must be of type string. Received undefined
    at new NodeError (node:internal/errors:405:5)
    at validateString (node:internal/validators:162:11)
    at resolve (node:path:171:9)
    at ServerResponse.download (F:\github\final-cms\server\node_modules\express\lib\response.js:595:7)
    at F:\github\final-cms\server\routes\editRoutes.ts:263:17
    at Generator.next (<anonymous>)
    at fulfilled (F:\github\final-cms\server\routes\editRoutes.ts:5:58)[0m
[35m 13:25 [0m 	[32mUsername: 'whoever' : IP: ::1 : Route: /edit/Download : Function: undefined : File: editRoutes.ts : Result: [object Object][0m
[35m 13:26 [0m 	[32mUsername: 'whoever' : IP: ::1 : Route: /edit/Download : Function: undefined : File: editRoutes.ts : Result: [object Object][0m
[35m 13:26 [0m 	[93mUsername: 'whoever' : IP: ::1 : Route: /edit/Download : Function: undefined : File: editRoutes.ts : Result: TypeError [ERR_INVALID_ARG_TYPE]: The "paths[0]" argument must be of type string. Received undefined
    at new NodeError (node:internal/errors:405:5)
    at validateString (node:internal/validators:162:11)
    at resolve (node:path:171:9)
    at ServerResponse.download (F:\github\final-cms\server\node_modules\express\lib\response.js:595:7)
    at F:\github\final-cms\server\routes\editRoutes.ts:263:17
    at Generator.next (<anonymous>)
    at fulfilled (F:\github\final-cms\server\routes\editRoutes.ts:5:58)[0m
[35m 13:27 [0m 	[32mUsername: 'whoever' : IP: ::1 : Route: /edit/Download : Function: undefined : File: editRoutes.ts : Result: [object Object][0m
[35m 13:27 [0m 	[93mUsername: 'whoever' : IP: ::1 : Route: /edit/Download : Function: undefined : File: editRoutes.ts : Result: TypeError [ERR_INVALID_ARG_TYPE]: The "paths[0]" argument must be of type string. Received undefined
    at new NodeError (node:internal/errors:405:5)
    at validateString (node:internal/validators:162:11)
    at resolve (node:path:171:9)
    at ServerResponse.download (F:\github\final-cms\server\node_modules\express\lib\response.js:595:7)
    at F:\github\final-cms\server\routes\editRoutes.ts:263:17
    at Generator.next (<anonymous>)
    at fulfilled (F:\github\final-cms\server\routes\editRoutes.ts:5:58)[0m
[35m 13:28 [0m 	[93mUsername: 'whoever' : IP: ::1 : Route: /edit/Download : Function: undefined : File: editRoutes.ts : Result: TypeError [ERR_INVALID_ARG_TYPE]: The "paths[0]" argument must be of type string. Received undefined
    at new NodeError (node:internal/errors:405:5)
    at validateString (node:internal/validators:162:11)
    at resolve (node:path:171:9)
    at ServerResponse.download (F:\github\final-cms\server\node_modules\express\lib\response.js:595:7)
    at F:\github\final-cms\server\routes\editRoutes.ts:264:17
    at Generator.next (<anonymous>)
    at fulfilled (F:\github\final-cms\server\routes\editRoutes.ts:5:58)[0m
[35m 13:28 [0m 	[32mUsername: 'whoever' : IP: ::1 : Route: /edit/Download : Function: undefined : File: editRoutes.ts : Result: [object Object][0m
[35m 13:28 [0m 	[32mUsername: 'whoever' : IP: ::1 : Route: /edit/Download : Function: undefined : File: editRoutes.ts : Result: [object Object][0m
[35m 13:28 [0m 	[93mUsername: 'whoever' : IP: ::1 : Route: /edit/Download : Function: undefined : File: editRoutes.ts : Result: TypeError [ERR_INVALID_ARG_TYPE]: The "paths[0]" argument must be of type string. Received undefined
    at new NodeError (node:internal/errors:405:5)
    at validateString (node:internal/validators:162:11)
    at resolve (node:path:171:9)
    at ServerResponse.download (F:\github\final-cms\server\node_modules\express\lib\response.js:595:7)
    at F:\github\final-cms\server\routes\editRoutes.ts:264:17
    at Generator.next (<anonymous>)
    at fulfilled (F:\github\final-cms\server\routes\editRoutes.ts:5:58)[0m
[35m 13:29 [0m 	[32mUsername: 'whoever' : IP: ::1 : Route: /edit/Download : Function: undefined : File: editRoutes.ts : Result: [object Object][0m
[35m 13:29 [0m 	[93mUsername: 'whoever' : IP: ::1 : Route: /edit/Download : Function: undefined : File: editRoutes.ts : Result: TypeError [ERR_INVALID_ARG_TYPE]: The "paths[0]" argument must be of type string. Received undefined
    at new NodeError (node:internal/errors:405:5)
    at validateString (node:internal/validators:162:11)
    at resolve (node:path:171:9)
    at ServerResponse.download (F:\github\final-cms\server\node_modules\express\lib\response.js:595:7)
    at F:\github\final-cms\server\routes\editRoutes.ts:263:17
    at Generator.next (<anonymous>)
    at fulfilled (F:\github\final-cms\server\routes\editRoutes.ts:5:58)[0m
[35m 13:30 [0m 	[32mUsername: 'whoever' : IP: ::1 : Route: /edit/Download : Function: undefined : File: editRoutes.ts : Result: [object Object][0m
[35m 13:30 [0m 	[93mUsername: 'whoever' : IP: ::1 : Route: /edit/Download : Function: undefined : File: editRoutes.ts : Result: TypeError [ERR_INVALID_ARG_TYPE]: The "paths[0]" argument must be of type string. Received undefined
    at new NodeError (node:internal/errors:405:5)
    at validateString (node:internal/validators:162:11)
    at resolve (node:path:171:9)
    at ServerResponse.download (F:\github\final-cms\server\node_modules\express\lib\response.js:595:7)
    at F:\github\final-cms\server\routes\editRoutes.ts:263:17
    at Generator.next (<anonymous>)
    at fulfilled (F:\github\final-cms\server\routes\editRoutes.ts:5:58)[0m
[35m 13:30 [0m 	[32mUsername: 'whoever' : IP: ::1 : Route: /edit/Download : Function: undefined : File: editRoutes.ts : Result: [object Object][0m
[35m 13:30 [0m 	[93mUsername: 'whoever' : IP: ::1 : Route: /edit/Download : Function: undefined : File: editRoutes.ts : Result: TypeError [ERR_INVALID_ARG_TYPE]: The "paths[0]" argument must be of type string. Received undefined
    at new NodeError (node:internal/errors:405:5)
    at validateString (node:internal/validators:162:11)
    at resolve (node:path:171:9)
    at ServerResponse.download (F:\github\final-cms\server\node_modules\express\lib\response.js:595:7)
    at F:\github\final-cms\server\routes\editRoutes.ts:263:17
    at Generator.next (<anonymous>)
    at fulfilled (F:\github\final-cms\server\routes\editRoutes.ts:5:58)[0m
[35m 13:30 [0m 	[32mUsername: 'whoever' : IP: ::1 : Route: /edit/Download : Function: undefined : File: editRoutes.ts : Result: [object Object][0m
[35m 13:30 [0m 	[93mUsername: 'whoever' : IP: ::1 : Route: /edit/Download : Function: undefined : File: editRoutes.ts : Result: TypeError [ERR_INVALID_ARG_TYPE]: The "paths[0]" argument must be of type string. Received undefined
    at new NodeError (node:internal/errors:405:5)
    at validateString (node:internal/validators:162:11)
    at resolve (node:path:171:9)
    at ServerResponse.download (F:\github\final-cms\server\node_modules\express\lib\response.js:595:7)
    at F:\github\final-cms\server\routes\editRoutes.ts:263:17
    at Generator.next (<anonymous>)
    at fulfilled (F:\github\final-cms\server\routes\editRoutes.ts:5:58)
    at processTicksAndRejections (node:internal/process/task_queues:95:5)[0m
[35m 13:30 [0m 	[32mUsername: 'whoever' : IP: ::1 : Route: /edit/Download : Function: undefined : File: editRoutes.ts : Result: [object Object][0m
[35m 13:30 [0m 	[93mUsername: 'whoever' : IP: ::1 : Route: /edit/Download : Function: undefined : File: editRoutes.ts : Result: TypeError [ERR_INVALID_ARG_TYPE]: The "paths[0]" argument must be of type string. Received undefined
    at new NodeError (node:internal/errors:405:5)
    at validateString (node:internal/validators:162:11)
    at resolve (node:path:171:9)
    at ServerResponse.download (F:\github\final-cms\server\node_modules\express\lib\response.js:595:7)
    at F:\github\final-cms\server\routes\editRoutes.ts:263:17
    at Generator.next (<anonymous>)
    at fulfilled (F:\github\final-cms\server\routes\editRoutes.ts:5:58)[0m
[35m 13:30 [0m 	[32mUsername: 'whoever' : IP: ::1 : Route: /edit/Download : Function: undefined : File: editRoutes.ts : Result: [object Object][0m
[35m 13:30 [0m 	[93mUsername: 'whoever' : IP: ::1 : Route: /edit/Download : Function: undefined : File: editRoutes.ts : Result: TypeError [ERR_INVALID_ARG_TYPE]: The "paths[0]" argument must be of type string. Received undefined
    at new NodeError (node:internal/errors:405:5)
    at validateString (node:internal/validators:162:11)
    at resolve (node:path:171:9)
    at ServerResponse.download (F:\github\final-cms\server\node_modules\express\lib\response.js:595:7)
    at F:\github\final-cms\server\routes\editRoutes.ts:263:17
    at Generator.next (<anonymous>)
    at fulfilled (F:\github\final-cms\server\routes\editRoutes.ts:5:58)[0m
[35m 13:30 [0m 	[32mUsername: 'whoever' : IP: ::1 : Route: /edit/Download : Function: undefined : File: editRoutes.ts : Result: [object Object][0m
[35m 13:30 [0m 	[93mUsername: 'whoever' : IP: ::1 : Route: /edit/Download : Function: undefined : File: editRoutes.ts : Result: TypeError [ERR_INVALID_ARG_TYPE]: The "paths[0]" argument must be of type string. Received undefined
    at new NodeError (node:internal/errors:405:5)
    at validateString (node:internal/validators:162:11)
    at resolve (node:path:171:9)
    at ServerResponse.download (F:\github\final-cms\server\node_modules\express\lib\response.js:595:7)
    at F:\github\final-cms\server\routes\editRoutes.ts:263:17
    at Generator.next (<anonymous>)
    at fulfilled (F:\github\final-cms\server\routes\editRoutes.ts:5:58)[0m
[35m 13:30 [0m 	[32mUsername: 'whoever' : IP: ::1 : Route: /edit/Download : Function: undefined : File: editRoutes.ts : Result: [object Object][0m
[35m 13:30 [0m 	[93mUsername: 'whoever' : IP: ::1 : Route: /edit/Download : Function: undefined : File: editRoutes.ts : Result: TypeError [ERR_INVALID_ARG_TYPE]: The "paths[0]" argument must be of type string. Received undefined
    at new NodeError (node:internal/errors:405:5)
    at validateString (node:internal/validators:162:11)
    at resolve (node:path:171:9)
    at ServerResponse.download (F:\github\final-cms\server\node_modules\express\lib\response.js:595:7)
    at F:\github\final-cms\server\routes\editRoutes.ts:263:17
    at Generator.next (<anonymous>)
    at fulfilled (F:\github\final-cms\server\routes\editRoutes.ts:5:58)[0m
[35m 13:30 [0m 	[32mUsername: 'whoever' : IP: ::1 : Route: /edit/Download : Function: undefined : File: editRoutes.ts : Result: [object Object][0m
[35m 13:30 [0m 	[93mUsername: 'whoever' : IP: ::1 : Route: /edit/Download : Function: undefined : File: editRoutes.ts : Result: TypeError [ERR_INVALID_ARG_TYPE]: The "paths[0]" argument must be of type string. Received undefined
    at new NodeError (node:internal/errors:405:5)
    at validateString (node:internal/validators:162:11)
    at resolve (node:path:171:9)
    at ServerResponse.download (F:\github\final-cms\server\node_modules\express\lib\response.js:595:7)
    at F:\github\final-cms\server\routes\editRoutes.ts:263:17
    at Generator.next (<anonymous>)
    at fulfilled (F:\github\final-cms\server\routes\editRoutes.ts:5:58)[0m
[35m 13:31 [0m 	[32mUsername: 'whoever' : IP: ::1 : Route: /edit/Download : Function: undefined : File: editRoutes.ts : Result: [object Object][0m
[35m 13:31 [0m 	[93mUsername: 'whoever' : IP: ::1 : Route: /edit/Download : Function: undefined : File: editRoutes.ts : Result: TypeError [ERR_INVALID_ARG_TYPE]: The "paths[0]" argument must be of type string. Received undefined
    at new NodeError (node:internal/errors:405:5)
    at validateString (node:internal/validators:162:11)
    at resolve (node:path:171:9)
    at ServerResponse.download (F:\github\final-cms\server\node_modules\express\lib\response.js:595:7)
    at F:\github\final-cms\server\routes\editRoutes.ts:263:17
    at Generator.next (<anonymous>)
    at fulfilled (F:\github\final-cms\server\routes\editRoutes.ts:5:58)[0m
[35m 13:31 [0m 	[32mUsername: 'whoever' : IP: ::1 : Route: /edit/Download : Function: undefined : File: editRoutes.ts : Result: [object Object][0m
[35m 13:31 [0m 	[93mUsername: 'whoever' : IP: ::1 : Route: /edit/Download : Function: undefined : File: editRoutes.ts : Result: TypeError [ERR_INVALID_ARG_TYPE]: The "paths[0]" argument must be of type string. Received undefined
    at new NodeError (node:internal/errors:405:5)
    at validateString (node:internal/validators:162:11)
    at resolve (node:path:171:9)
    at ServerResponse.download (F:\github\final-cms\server\node_modules\express\lib\response.js:595:7)
    at F:\github\final-cms\server\routes\editRoutes.ts:263:17
    at Generator.next (<anonymous>)
    at fulfilled (F:\github\final-cms\server\routes\editRoutes.ts:5:58)[0m
[35m 13:31 [0m 	[32mUsername: 'whoever' : IP: ::1 : Route: /edit/Download : Function: undefined : File: editRoutes.ts : Result: [object Object][0m
[35m 13:31 [0m 	[93mUsername: 'whoever' : IP: ::1 : Route: /edit/Download : Function: undefined : File: editRoutes.ts : Result: TypeError [ERR_INVALID_ARG_TYPE]: The "paths[0]" argument must be of type string. Received undefined
    at new NodeError (node:internal/errors:405:5)
    at validateString (node:internal/validators:162:11)
    at resolve (node:path:171:9)
    at ServerResponse.download (F:\github\final-cms\server\node_modules\express\lib\response.js:595:7)
    at F:\github\final-cms\server\routes\editRoutes.ts:263:17
    at Generator.next (<anonymous>)
    at fulfilled (F:\github\final-cms\server\routes\editRoutes.ts:5:58)[0m
[35m 13:31 [0m 	[32mUsername: 'whoever' : IP: ::1 : Route: /edit/Download : Function: undefined : File: editRoutes.ts : Result: [object Object][0m
[35m 13:31 [0m 	[93mUsername: 'whoever' : IP: ::1 : Route: /edit/Download : Function: undefined : File: editRoutes.ts : Result: TypeError [ERR_INVALID_ARG_TYPE]: The "paths[0]" argument must be of type string. Received undefined
    at new NodeError (node:internal/errors:405:5)
    at validateString (node:internal/validators:162:11)
    at resolve (node:path:171:9)
    at ServerResponse.download (F:\github\final-cms\server\node_modules\express\lib\response.js:595:7)
    at F:\github\final-cms\server\routes\editRoutes.ts:263:17
    at Generator.next (<anonymous>)
    at fulfilled (F:\github\final-cms\server\routes\editRoutes.ts:5:58)[0m
[35m 13:31 [0m 	[32mUsername: 'whoever' : IP: ::1 : Route: /edit/Download : Function: undefined : File: editRoutes.ts : Result: [object Object][0m
[35m 13:31 [0m 	[93mUsername: 'whoever' : IP: ::1 : Route: /edit/Download : Function: undefined : File: editRoutes.ts : Result: TypeError [ERR_INVALID_ARG_TYPE]: The "paths[0]" argument must be of type string. Received undefined
    at new NodeError (node:internal/errors:405:5)
    at validateString (node:internal/validators:162:11)
    at resolve (node:path:171:9)
    at ServerResponse.download (F:\github\final-cms\server\node_modules\express\lib\response.js:595:7)
    at F:\github\final-cms\server\routes\editRoutes.ts:263:17
    at Generator.next (<anonymous>)
    at fulfilled (F:\github\final-cms\server\routes\editRoutes.ts:5:58)[0m
[35m 13:31 [0m 	[32mUsername: 'whoever' : IP: ::1 : Route: /edit/Download : Function: undefined : File: editRoutes.ts : Result: [object Object][0m
[35m 13:31 [0m 	[93mUsername: 'whoever' : IP: ::1 : Route: /edit/Download : Function: undefined : File: editRoutes.ts : Result: TypeError [ERR_INVALID_ARG_TYPE]: The "paths[0]" argument must be of type string. Received undefined
    at new NodeError (node:internal/errors:405:5)
    at validateString (node:internal/validators:162:11)
    at resolve (node:path:171:9)
    at ServerResponse.download (F:\github\final-cms\server\node_modules\express\lib\response.js:595:7)
    at F:\github\final-cms\server\routes\editRoutes.ts:263:17
    at Generator.next (<anonymous>)
    at fulfilled (F:\github\final-cms\server\routes\editRoutes.ts:5:58)[0m
[35m 13:31 [0m 	[32mUsername: 'whoever' : IP: ::1 : Route: /edit/Download : Function: undefined : File: editRoutes.ts : Result: [object Object][0m
[35m 13:31 [0m 	[93mUsername: 'whoever' : IP: ::1 : Route: /edit/Download : Function: undefined : File: editRoutes.ts : Result: TypeError [ERR_INVALID_ARG_TYPE]: The "paths[0]" argument must be of type string. Received undefined
    at new NodeError (node:internal/errors:405:5)
    at validateString (node:internal/validators:162:11)
    at resolve (node:path:171:9)
    at ServerResponse.download (F:\github\final-cms\server\node_modules\express\lib\response.js:595:7)
    at F:\github\final-cms\server\routes\editRoutes.ts:263:17
    at Generator.next (<anonymous>)
    at fulfilled (F:\github\final-cms\server\routes\editRoutes.ts:5:58)[0m
[35m 13:31 [0m 	[32mUsername: 'whoever' : IP: ::1 : Route: /edit/Download : Function: undefined : File: editRoutes.ts : Result: [object Object][0m
[35m 13:31 [0m 	[93mUsername: 'whoever' : IP: ::1 : Route: /edit/Download : Function: undefined : File: editRoutes.ts : Result: TypeError [ERR_INVALID_ARG_TYPE]: The "paths[0]" argument must be of type string. Received undefined
    at new NodeError (node:internal/errors:405:5)
    at validateString (node:internal/validators:162:11)
    at resolve (node:path:171:9)
    at ServerResponse.download (F:\github\final-cms\server\node_modules\express\lib\response.js:595:7)
    at F:\github\final-cms\server\routes\editRoutes.ts:263:17
    at Generator.next (<anonymous>)
    at fulfilled (F:\github\final-cms\server\routes\editRoutes.ts:5:58)[0m
[35m 13:31 [0m 	[32mUsername: 'whoever' : IP: ::1 : Route: /edit/Download : Function: undefined : File: editRoutes.ts : Result: [object Object][0m
[35m 13:31 [0m 	[93mUsername: 'whoever' : IP: ::1 : Route: /edit/Download : Function: undefined : File: editRoutes.ts : Result: TypeError [ERR_INVALID_ARG_TYPE]: The "paths[0]" argument must be of type string. Received undefined
    at new NodeError (node:internal/errors:405:5)
    at validateString (node:internal/validators:162:11)
    at resolve (node:path:171:9)
    at ServerResponse.download (F:\github\final-cms\server\node_modules\express\lib\response.js:595:7)
    at F:\github\final-cms\server\routes\editRoutes.ts:263:17
    at Generator.next (<anonymous>)
    at fulfilled (F:\github\final-cms\server\routes\editRoutes.ts:5:58)[0m
[35m 13:31 [0m 	[32mUsername: 'whoever' : IP: ::1 : Route: /edit/Download : Function: undefined : File: editRoutes.ts : Result: [object Object][0m
[35m 13:31 [0m 	[93mUsername: 'whoever' : IP: ::1 : Route: /edit/Download : Function: undefined : File: editRoutes.ts : Result: TypeError [ERR_INVALID_ARG_TYPE]: The "paths[0]" argument must be of type string. Received undefined
    at new NodeError (node:internal/errors:405:5)
    at validateString (node:internal/validators:162:11)
    at resolve (node:path:171:9)
    at ServerResponse.download (F:\github\final-cms\server\node_modules\express\lib\response.js:595:7)
    at F:\github\final-cms\server\routes\editRoutes.ts:263:17
    at Generator.next (<anonymous>)
    at fulfilled (F:\github\final-cms\server\routes\editRoutes.ts:5:58)[0m
[35m 13:31 [0m 	[32mUsername: 'whoever' : IP: ::1 : Route: /edit/Download : Function: undefined : File: editRoutes.ts : Result: [object Object][0m
[35m 13:31 [0m 	[93mUsername: 'whoever' : IP: ::1 : Route: /edit/Download : Function: undefined : File: editRoutes.ts : Result: TypeError [ERR_INVALID_ARG_TYPE]: The "paths[0]" argument must be of type string. Received undefined
    at new NodeError (node:internal/errors:405:5)
    at validateString (node:internal/validators:162:11)
    at resolve (node:path:171:9)
    at ServerResponse.download (F:\github\final-cms\server\node_modules\express\lib\response.js:595:7)
    at F:\github\final-cms\server\routes\editRoutes.ts:263:17
    at Generator.next (<anonymous>)
    at fulfilled (F:\github\final-cms\server\routes\editRoutes.ts:5:58)[0m
[35m 13:31 [0m 	[32mUsername: 'whoever' : IP: ::1 : Route: /edit/Download : Function: undefined : File: editRoutes.ts : Result: [object Object][0m
[35m 13:31 [0m 	[93mUsername: 'whoever' : IP: ::1 : Route: /edit/Download : Function: undefined : File: editRoutes.ts : Result: TypeError [ERR_INVALID_ARG_TYPE]: The "paths[0]" argument must be of type string. Received undefined
    at new NodeError (node:internal/errors:405:5)
    at validateString (node:internal/validators:162:11)
    at resolve (node:path:171:9)
    at ServerResponse.download (F:\github\final-cms\server\node_modules\express\lib\response.js:595:7)
    at F:\github\final-cms\server\routes\editRoutes.ts:263:17
    at Generator.next (<anonymous>)
    at fulfilled (F:\github\final-cms\server\routes\editRoutes.ts:5:58)[0m
[35m 13:31 [0m 	[93mUsername: 'whoever' : IP: ::1 : Route: /edit/Download : Function: undefined : File: editRoutes.ts : Result: TypeError [ERR_INVALID_ARG_TYPE]: The "paths[0]" argument must be of type string. Received undefined
    at new NodeError (node:internal/errors:405:5)
    at validateString (node:internal/validators:162:11)
    at resolve (node:path:171:9)
    at ServerResponse.download (F:\github\final-cms\server\node_modules\express\lib\response.js:595:7)
    at F:\github\final-cms\server\routes\editRoutes.ts:263:17
    at Generator.next (<anonymous>)
    at fulfilled (F:\github\final-cms\server\routes\editRoutes.ts:5:58)[0m
[35m 13:31 [0m 	[32mUsername: 'whoever' : IP: ::1 : Route: /edit/Download : Function: undefined : File: editRoutes.ts : Result: [object Object][0m
[35m 13:31 [0m 	[32mUsername: 'whoever' : IP: ::1 : Route: /edit/Download : Function: undefined : File: editRoutes.ts : Result: [object Object][0m
[35m 13:31 [0m 	[93mUsername: 'whoever' : IP: ::1 : Route: /edit/Download : Function: undefined : File: editRoutes.ts : Result: TypeError [ERR_INVALID_ARG_TYPE]: The "paths[0]" argument must be of type string. Received undefined
    at new NodeError (node:internal/errors:405:5)
    at validateString (node:internal/validators:162:11)
    at resolve (node:path:171:9)
    at ServerResponse.download (F:\github\final-cms\server\node_modules\express\lib\response.js:595:7)
    at F:\github\final-cms\server\routes\editRoutes.ts:263:17
    at Generator.next (<anonymous>)
    at fulfilled (F:\github\final-cms\server\routes\editRoutes.ts:5:58)[0m
[35m 13:31 [0m 	[32mUsername: 'whoever' : IP: ::1 : Route: /edit/Download : Function: undefined : File: editRoutes.ts : Result: [object Object][0m
[35m 13:31 [0m 	[93mUsername: 'whoever' : IP: ::1 : Route: /edit/Download : Function: undefined : File: editRoutes.ts : Result: TypeError [ERR_INVALID_ARG_TYPE]: The "paths[0]" argument must be of type string. Received undefined
    at new NodeError (node:internal/errors:405:5)
    at validateString (node:internal/validators:162:11)
    at resolve (node:path:171:9)
    at ServerResponse.download (F:\github\final-cms\server\node_modules\express\lib\response.js:595:7)
    at F:\github\final-cms\server\routes\editRoutes.ts:263:17
    at Generator.next (<anonymous>)
    at fulfilled (F:\github\final-cms\server\routes\editRoutes.ts:5:58)[0m
[35m 13:31 [0m 	[93mUsername: 'whoever' : IP: ::1 : Route: /edit/Download : Function: undefined : File: editRoutes.ts : Result: TypeError [ERR_INVALID_ARG_TYPE]: The "paths[0]" argument must be of type string. Received undefined
    at new NodeError (node:internal/errors:405:5)
    at validateString (node:internal/validators:162:11)
    at resolve (node:path:171:9)
    at ServerResponse.download (F:\github\final-cms\server\node_modules\express\lib\response.js:595:7)
    at F:\github\final-cms\server\routes\editRoutes.ts:263:17
    at Generator.next (<anonymous>)
    at fulfilled (F:\github\final-cms\server\routes\editRoutes.ts:5:58)[0m
[35m 13:31 [0m 	[32mUsername: 'whoever' : IP: ::1 : Route: /edit/Download : Function: undefined : File: editRoutes.ts : Result: [object Object][0m
[35m 13:31 [0m 	[32mUsername: 'whoever' : IP: ::1 : Route: /edit/Download : Function: undefined : File: editRoutes.ts : Result: [object Object][0m
[35m 13:31 [0m 	[93mUsername: 'whoever' : IP: ::1 : Route: /edit/Download : Function: undefined : File: editRoutes.ts : Result: TypeError [ERR_INVALID_ARG_TYPE]: The "paths[0]" argument must be of type string. Received undefined
    at new NodeError (node:internal/errors:405:5)
    at validateString (node:internal/validators:162:11)
    at resolve (node:path:171:9)
    at ServerResponse.download (F:\github\final-cms\server\node_modules\express\lib\response.js:595:7)
    at F:\github\final-cms\server\routes\editRoutes.ts:263:17
    at Generator.next (<anonymous>)
    at fulfilled (F:\github\final-cms\server\routes\editRoutes.ts:5:58)[0m
[35m 13:31 [0m 	[32mUsername: 'whoever' : IP: ::1 : Route: /edit/Download : Function: undefined : File: editRoutes.ts : Result: [object Object][0m
[35m 13:31 [0m 	[93mUsername: 'whoever' : IP: ::1 : Route: /edit/Download : Function: undefined : File: editRoutes.ts : Result: TypeError [ERR_INVALID_ARG_TYPE]: The "paths[0]" argument must be of type string. Received undefined
    at new NodeError (node:internal/errors:405:5)
    at validateString (node:internal/validators:162:11)
    at resolve (node:path:171:9)
    at ServerResponse.download (F:\github\final-cms\server\node_modules\express\lib\response.js:595:7)
    at F:\github\final-cms\server\routes\editRoutes.ts:263:17
    at Generator.next (<anonymous>)
    at fulfilled (F:\github\final-cms\server\routes\editRoutes.ts:5:58)[0m
[35m 13:31 [0m 	[32mUsername: 'whoever' : IP: ::1 : Route: /edit/Download : Function: undefined : File: editRoutes.ts : Result: [object Object][0m
[35m 13:31 [0m 	[93mUsername: 'whoever' : IP: ::1 : Route: /edit/Download : Function: undefined : File: editRoutes.ts : Result: TypeError [ERR_INVALID_ARG_TYPE]: The "paths[0]" argument must be of type string. Received undefined
    at new NodeError (node:internal/errors:405:5)
    at validateString (node:internal/validators:162:11)
    at resolve (node:path:171:9)
    at ServerResponse.download (F:\github\final-cms\server\node_modules\express\lib\response.js:595:7)
    at F:\github\final-cms\server\routes\editRoutes.ts:263:17
    at Generator.next (<anonymous>)
    at fulfilled (F:\github\final-cms\server\routes\editRoutes.ts:5:58)[0m
[35m 13:31 [0m 	[32mUsername: 'whoever' : IP: ::1 : Route: /edit/Download : Function: undefined : File: editRoutes.ts : Result: [object Object][0m
[35m 13:31 [0m 	[93mUsername: 'whoever' : IP: ::1 : Route: /edit/Download : Function: undefined : File: editRoutes.ts : Result: TypeError [ERR_INVALID_ARG_TYPE]: The "paths[0]" argument must be of type string. Received undefined
    at new NodeError (node:internal/errors:405:5)
    at validateString (node:internal/validators:162:11)
    at resolve (node:path:171:9)
    at ServerResponse.download (F:\github\final-cms\server\node_modules\express\lib\response.js:595:7)
    at F:\github\final-cms\server\routes\editRoutes.ts:263:17
    at Generator.next (<anonymous>)
    at fulfilled (F:\github\final-cms\server\routes\editRoutes.ts:5:58)[0m
[35m 13:31 [0m 	[32mUsername: 'whoever' : IP: ::1 : Route: /edit/Download : Function: undefined : File: editRoutes.ts : Result: [object Object][0m
[35m 13:31 [0m 	[93mUsername: 'whoever' : IP: ::1 : Route: /edit/Download : Function: undefined : File: editRoutes.ts : Result: TypeError [ERR_INVALID_ARG_TYPE]: The "paths[0]" argument must be of type string. Received undefined
    at new NodeError (node:internal/errors:405:5)
    at validateString (node:internal/validators:162:11)
    at resolve (node:path:171:9)
    at ServerResponse.download (F:\github\final-cms\server\node_modules\express\lib\response.js:595:7)
    at F:\github\final-cms\server\routes\editRoutes.ts:263:17
    at Generator.next (<anonymous>)
    at fulfilled (F:\github\final-cms\server\routes\editRoutes.ts:5:58)[0m
[35m 13:31 [0m 	[32mUsername: 'whoever' : IP: ::1 : Route: /edit/Download : Function: undefined : File: editRoutes.ts : Result: [object Object][0m
[35m 13:31 [0m 	[93mUsername: 'whoever' : IP: ::1 : Route: /edit/Download : Function: undefined : File: editRoutes.ts : Result: TypeError [ERR_INVALID_ARG_TYPE]: The "paths[0]" argument must be of type string. Received undefined
    at new NodeError (node:internal/errors:405:5)
    at validateString (node:internal/validators:162:11)
    at resolve (node:path:171:9)
    at ServerResponse.download (F:\github\final-cms\server\node_modules\express\lib\response.js:595:7)
    at F:\github\final-cms\server\routes\editRoutes.ts:263:17
    at Generator.next (<anonymous>)
    at fulfilled (F:\github\final-cms\server\routes\editRoutes.ts:5:58)[0m
[35m 13:31 [0m 	[32mUsername: 'whoever' : IP: ::1 : Route: /edit/Download : Function: undefined : File: editRoutes.ts : Result: [object Object][0m
[35m 13:31 [0m 	[93mUsername: 'whoever' : IP: ::1 : Route: /edit/Download : Function: undefined : File: editRoutes.ts : Result: TypeError [ERR_INVALID_ARG_TYPE]: The "paths[0]" argument must be of type string. Received undefined
    at new NodeError (node:internal/errors:405:5)
    at validateString (node:internal/validators:162:11)
    at resolve (node:path:171:9)
    at ServerResponse.download (F:\github\final-cms\server\node_modules\express\lib\response.js:595:7)
    at F:\github\final-cms\server\routes\editRoutes.ts:263:17
    at Generator.next (<anonymous>)
    at fulfilled (F:\github\final-cms\server\routes\editRoutes.ts:5:58)[0m
[35m 13:31 [0m 	[32mUsername: 'whoever' : IP: ::1 : Route: /edit/Download : Function: undefined : File: editRoutes.ts : Result: [object Object][0m
[35m 13:31 [0m 	[93mUsername: 'whoever' : IP: ::1 : Route: /edit/Download : Function: undefined : File: editRoutes.ts : Result: TypeError [ERR_INVALID_ARG_TYPE]: The "paths[0]" argument must be of type string. Received undefined
    at new NodeError (node:internal/errors:405:5)
    at validateString (node:internal/validators:162:11)
    at resolve (node:path:171:9)
    at ServerResponse.download (F:\github\final-cms\server\node_modules\express\lib\response.js:595:7)
    at F:\github\final-cms\server\routes\editRoutes.ts:263:17
    at Generator.next (<anonymous>)
    at fulfilled (F:\github\final-cms\server\routes\editRoutes.ts:5:58)[0m
[35m 13:31 [0m 	[93mUsername: 'whoever' : IP: ::1 : Route: /edit/Download : Function: undefined : File: editRoutes.ts : Result: TypeError [ERR_INVALID_ARG_TYPE]: The "paths[0]" argument must be of type string. Received undefined
    at new NodeError (node:internal/errors:405:5)
    at validateString (node:internal/validators:162:11)
    at resolve (node:path:171:9)
    at ServerResponse.download (F:\github\final-cms\server\node_modules\express\lib\response.js:595:7)
    at F:\github\final-cms\server\routes\editRoutes.ts:263:17
    at Generator.next (<anonymous>)
    at fulfilled (F:\github\final-cms\server\routes\editRoutes.ts:5:58)[0m
[35m 13:31 [0m 	[32mUsername: 'whoever' : IP: ::1 : Route: /edit/Download : Function: undefined : File: editRoutes.ts : Result: [object Object][0m
[35m 13:31 [0m 	[32mUsername: 'whoever' : IP: ::1 : Route: /edit/Download : Function: undefined : File: editRoutes.ts : Result: [object Object][0m
[35m 13:31 [0m 	[93mUsername: 'whoever' : IP: ::1 : Route: /edit/Download : Function: undefined : File: editRoutes.ts : Result: TypeError [ERR_INVALID_ARG_TYPE]: The "paths[0]" argument must be of type string. Received undefined
    at new NodeError (node:internal/errors:405:5)
    at validateString (node:internal/validators:162:11)
    at resolve (node:path:171:9)
    at ServerResponse.download (F:\github\final-cms\server\node_modules\express\lib\response.js:595:7)
    at F:\github\final-cms\server\routes\editRoutes.ts:263:17
    at Generator.next (<anonymous>)
    at fulfilled (F:\github\final-cms\server\routes\editRoutes.ts:5:58)[0m
[35m 13:31 [0m 	[32mUsername: 'whoever' : IP: ::1 : Route: /edit/Download : Function: undefined : File: editRoutes.ts : Result: [object Object][0m
[35m 13:31 [0m 	[93mUsername: 'whoever' : IP: ::1 : Route: /edit/Download : Function: undefined : File: editRoutes.ts : Result: TypeError [ERR_INVALID_ARG_TYPE]: The "paths[0]" argument must be of type string. Received undefined
    at new NodeError (node:internal/errors:405:5)
    at validateString (node:internal/validators:162:11)
    at resolve (node:path:171:9)
    at ServerResponse.download (F:\github\final-cms\server\node_modules\express\lib\response.js:595:7)
    at F:\github\final-cms\server\routes\editRoutes.ts:263:17
    at Generator.next (<anonymous>)
    at fulfilled (F:\github\final-cms\server\routes\editRoutes.ts:5:58)[0m
[35m 13:31 [0m 	[32mUsername: 'whoever' : IP: ::1 : Route: /edit/Download : Function: undefined : File: editRoutes.ts : Result: [object Object][0m
[35m 13:31 [0m 	[93mUsername: 'whoever' : IP: ::1 : Route: /edit/Download : Function: undefined : File: editRoutes.ts : Result: TypeError [ERR_INVALID_ARG_TYPE]: The "paths[0]" argument must be of type string. Received undefined
    at new NodeError (node:internal/errors:405:5)
    at validateString (node:internal/validators:162:11)
    at resolve (node:path:171:9)
    at ServerResponse.download (F:\github\final-cms\server\node_modules\express\lib\response.js:595:7)
    at F:\github\final-cms\server\routes\editRoutes.ts:263:17
    at Generator.next (<anonymous>)
    at fulfilled (F:\github\final-cms\server\routes\editRoutes.ts:5:58)[0m
[35m 13:31 [0m 	[32mUsername: 'whoever' : IP: ::1 : Route: /edit/Download : Function: undefined : File: editRoutes.ts : Result: [object Object][0m
[35m 13:31 [0m 	[93mUsername: 'whoever' : IP: ::1 : Route: /edit/Download : Function: undefined : File: editRoutes.ts : Result: TypeError [ERR_INVALID_ARG_TYPE]: The "paths[0]" argument must be of type string. Received undefined
    at new NodeError (node:internal/errors:405:5)
    at validateString (node:internal/validators:162:11)
    at resolve (node:path:171:9)
    at ServerResponse.download (F:\github\final-cms\server\node_modules\express\lib\response.js:595:7)
    at F:\github\final-cms\server\routes\editRoutes.ts:263:17
    at Generator.next (<anonymous>)
    at fulfilled (F:\github\final-cms\server\routes\editRoutes.ts:5:58)[0m
[35m 13:31 [0m 	[32mUsername: 'whoever' : IP: ::1 : Route: /edit/Download : Function: undefined : File: editRoutes.ts : Result: [object Object][0m
[35m 13:31 [0m 	[93mUsername: 'whoever' : IP: ::1 : Route: /edit/Download : Function: undefined : File: editRoutes.ts : Result: TypeError [ERR_INVALID_ARG_TYPE]: The "paths[0]" argument must be of type string. Received undefined
    at new NodeError (node:internal/errors:405:5)
    at validateString (node:internal/validators:162:11)
    at resolve (node:path:171:9)
    at ServerResponse.download (F:\github\final-cms\server\node_modules\express\lib\response.js:595:7)
    at F:\github\final-cms\server\routes\editRoutes.ts:263:17
    at Generator.next (<anonymous>)
    at fulfilled (F:\github\final-cms\server\routes\editRoutes.ts:5:58)[0m
[35m 13:31 [0m 	[32mUsername: 'whoever' : IP: ::1 : Route: /edit/Download : Function: undefined : File: editRoutes.ts : Result: [object Object][0m
[35m 13:31 [0m 	[93mUsername: 'whoever' : IP: ::1 : Route: /edit/Download : Function: undefined : File: editRoutes.ts : Result: TypeError [ERR_INVALID_ARG_TYPE]: The "paths[0]" argument must be of type string. Received undefined
    at new NodeError (node:internal/errors:405:5)
    at validateString (node:internal/validators:162:11)
    at resolve (node:path:171:9)
    at ServerResponse.download (F:\github\final-cms\server\node_modules\express\lib\response.js:595:7)
    at F:\github\final-cms\server\routes\editRoutes.ts:263:17
    at Generator.next (<anonymous>)
    at fulfilled (F:\github\final-cms\server\routes\editRoutes.ts:5:58)[0m
[35m 13:31 [0m 	[93mUsername: 'whoever' : IP: ::1 : Route: /edit/Download : Function: undefined : File: editRoutes.ts : Result: TypeError [ERR_INVALID_ARG_TYPE]: The "paths[0]" argument must be of type string. Received undefined
    at new NodeError (node:internal/errors:405:5)
    at validateString (node:internal/validators:162:11)
    at resolve (node:path:171:9)
    at ServerResponse.download (F:\github\final-cms\server\node_modules\express\lib\response.js:595:7)
    at F:\github\final-cms\server\routes\editRoutes.ts:263:17
    at Generator.next (<anonymous>)
    at fulfilled (F:\github\final-cms\server\routes\editRoutes.ts:5:58)[0m
[35m 13:31 [0m 	[32mUsername: 'whoever' : IP: ::1 : Route: /edit/Download : Function: undefined : File: editRoutes.ts : Result: [object Object][0m
[35m 13:31 [0m 	[93mUsername: 'whoever' : IP: ::1 : Route: /edit/Download : Function: undefined : File: editRoutes.ts : Result: TypeError [ERR_INVALID_ARG_TYPE]: The "paths[0]" argument must be of type string. Received undefined
    at new NodeError (node:internal/errors:405:5)
    at validateString (node:internal/validators:162:11)
    at resolve (node:path:171:9)
    at ServerResponse.download (F:\github\final-cms\server\node_modules\express\lib\response.js:595:7)
    at F:\github\final-cms\server\routes\editRoutes.ts:263:17
    at Generator.next (<anonymous>)
    at fulfilled (F:\github\final-cms\server\routes\editRoutes.ts:5:58)[0m
[35m 13:31 [0m 	[32mUsername: 'whoever' : IP: ::1 : Route: /edit/Download : Function: undefined : File: editRoutes.ts : Result: [object Object][0m
[35m 13:31 [0m 	[32mUsername: 'whoever' : IP: ::1 : Route: /edit/Download : Function: undefined : File: editRoutes.ts : Result: [object Object][0m
[35m 13:31 [0m 	[93mUsername: 'whoever' : IP: ::1 : Route: /edit/Download : Function: undefined : File: editRoutes.ts : Result: TypeError [ERR_INVALID_ARG_TYPE]: The "paths[0]" argument must be of type string. Received undefined
    at new NodeError (node:internal/errors:405:5)
    at validateString (node:internal/validators:162:11)
    at resolve (node:path:171:9)
    at ServerResponse.download (F:\github\final-cms\server\node_modules\express\lib\response.js:595:7)
    at F:\github\final-cms\server\routes\editRoutes.ts:263:17
    at Generator.next (<anonymous>)
    at fulfilled (F:\github\final-cms\server\routes\editRoutes.ts:5:58)[0m
[35m 13:31 [0m 	[32mUsername: 'whoever' : IP: ::1 : Route: /edit/Download : Function: undefined : File: editRoutes.ts : Result: [object Object][0m
[35m 13:31 [0m 	[93mUsername: 'whoever' : IP: ::1 : Route: /edit/Download : Function: undefined : File: editRoutes.ts : Result: TypeError [ERR_INVALID_ARG_TYPE]: The "paths[0]" argument must be of type string. Received undefined
    at new NodeError (node:internal/errors:405:5)
    at validateString (node:internal/validators:162:11)
    at resolve (node:path:171:9)
    at ServerResponse.download (F:\github\final-cms\server\node_modules\express\lib\response.js:595:7)
    at F:\github\final-cms\server\routes\editRoutes.ts:263:17
    at Generator.next (<anonymous>)
    at fulfilled (F:\github\final-cms\server\routes\editRoutes.ts:5:58)[0m
[35m 13:31 [0m 	[93mUsername: 'whoever' : IP: ::1 : Route: /edit/Download : Function: undefined : File: editRoutes.ts : Result: TypeError [ERR_INVALID_ARG_TYPE]: The "paths[0]" argument must be of type string. Received undefined
    at new NodeError (node:internal/errors:405:5)
    at validateString (node:internal/validators:162:11)
    at resolve (node:path:171:9)
    at ServerResponse.download (F:\github\final-cms\server\node_modules\express\lib\response.js:595:7)
    at F:\github\final-cms\server\routes\editRoutes.ts:263:17
    at Generator.next (<anonymous>)
    at fulfilled (F:\github\final-cms\server\routes\editRoutes.ts:5:58)[0m
[35m 13:31 [0m 	[32mUsername: 'whoever' : IP: ::1 : Route: /edit/Download : Function: undefined : File: editRoutes.ts : Result: [object Object][0m
[35m 13:31 [0m 	[32mUsername: 'whoever' : IP: ::1 : Route: /edit/Download : Function: undefined : File: editRoutes.ts : Result: [object Object][0m
[35m 13:31 [0m 	[93mUsername: 'whoever' : IP: ::1 : Route: /edit/Download : Function: undefined : File: editRoutes.ts : Result: TypeError [ERR_INVALID_ARG_TYPE]: The "paths[0]" argument must be of type string. Received undefined
    at new NodeError (node:internal/errors:405:5)
    at validateString (node:internal/validators:162:11)
    at resolve (node:path:171:9)
    at ServerResponse.download (F:\github\final-cms\server\node_modules\express\lib\response.js:595:7)
    at F:\github\final-cms\server\routes\editRoutes.ts:263:17
    at Generator.next (<anonymous>)
    at fulfilled (F:\github\final-cms\server\routes\editRoutes.ts:5:58)[0m
[35m 13:31 [0m 	[32mUsername: 'whoever' : IP: ::1 : Route: /edit/Download : Function: undefined : File: editRoutes.ts : Result: [object Object][0m
[35m 13:31 [0m 	[93mUsername: 'whoever' : IP: ::1 : Route: /edit/Download : Function: undefined : File: editRoutes.ts : Result: TypeError [ERR_INVALID_ARG_TYPE]: The "paths[0]" argument must be of type string. Received undefined
    at new NodeError (node:internal/errors:405:5)
    at validateString (node:internal/validators:162:11)
    at resolve (node:path:171:9)
    at ServerResponse.download (F:\github\final-cms\server\node_modules\express\lib\response.js:595:7)
    at F:\github\final-cms\server\routes\editRoutes.ts:263:17
    at Generator.next (<anonymous>)
    at fulfilled (F:\github\final-cms\server\routes\editRoutes.ts:5:58)[0m
[35m 13:31 [0m 	[32mUsername: 'whoever' : IP: ::1 : Route: /edit/Download : Function: undefined : File: editRoutes.ts : Result: [object Object][0m
[35m 13:31 [0m 	[93mUsername: 'whoever' : IP: ::1 : Route: /edit/Download : Function: undefined : File: editRoutes.ts : Result: TypeError [ERR_INVALID_ARG_TYPE]: The "paths[0]" argument must be of type string. Received undefined
    at new NodeError (node:internal/errors:405:5)
    at validateString (node:internal/validators:162:11)
    at resolve (node:path:171:9)
    at ServerResponse.download (F:\github\final-cms\server\node_modules\express\lib\response.js:595:7)
    at F:\github\final-cms\server\routes\editRoutes.ts:263:17
    at Generator.next (<anonymous>)
    at fulfilled (F:\github\final-cms\server\routes\editRoutes.ts:5:58)[0m
[35m 13:31 [0m 	[32mUsername: 'whoever' : IP: ::1 : Route: /edit/Download : Function: undefined : File: editRoutes.ts : Result: [object Object][0m
[35m 13:31 [0m 	[93mUsername: 'whoever' : IP: ::1 : Route: /edit/Download : Function: undefined : File: editRoutes.ts : Result: TypeError [ERR_INVALID_ARG_TYPE]: The "paths[0]" argument must be of type string. Received undefined
    at new NodeError (node:internal/errors:405:5)
    at validateString (node:internal/validators:162:11)
    at resolve (node:path:171:9)
    at ServerResponse.download (F:\github\final-cms\server\node_modules\express\lib\response.js:595:7)
    at F:\github\final-cms\server\routes\editRoutes.ts:263:17
    at Generator.next (<anonymous>)
    at fulfilled (F:\github\final-cms\server\routes\editRoutes.ts:5:58)[0m
[35m 13:31 [0m 	[32mUsername: 'whoever' : IP: ::1 : Route: /edit/Download : Function: undefined : File: editRoutes.ts : Result: [object Object][0m
[35m 13:31 [0m 	[93mUsername: 'whoever' : IP: ::1 : Route: /edit/Download : Function: undefined : File: editRoutes.ts : Result: TypeError [ERR_INVALID_ARG_TYPE]: The "paths[0]" argument must be of type string. Received undefined
    at new NodeError (node:internal/errors:405:5)
    at validateString (node:internal/validators:162:11)
    at resolve (node:path:171:9)
    at ServerResponse.download (F:\github\final-cms\server\node_modules\express\lib\response.js:595:7)
    at F:\github\final-cms\server\routes\editRoutes.ts:263:17
    at Generator.next (<anonymous>)
    at fulfilled (F:\github\final-cms\server\routes\editRoutes.ts:5:58)[0m
[35m 13:31 [0m 	[32mUsername: 'whoever' : IP: ::1 : Route: /edit/Download : Function: undefined : File: editRoutes.ts : Result: [object Object][0m
[35m 13:31 [0m 	[93mUsername: 'whoever' : IP: ::1 : Route: /edit/Download : Function: undefined : File: editRoutes.ts : Result: TypeError [ERR_INVALID_ARG_TYPE]: The "paths[0]" argument must be of type string. Received undefined
    at new NodeError (node:internal/errors:405:5)
    at validateString (node:internal/validators:162:11)
    at resolve (node:path:171:9)
    at ServerResponse.download (F:\github\final-cms\server\node_modules\express\lib\response.js:595:7)
    at F:\github\final-cms\server\routes\editRoutes.ts:263:17
    at Generator.next (<anonymous>)
    at fulfilled (F:\github\final-cms\server\routes\editRoutes.ts:5:58)[0m
[35m 13:31 [0m 	[32mUsername: 'whoever' : IP: ::1 : Route: /edit/Download : Function: undefined : File: editRoutes.ts : Result: [object Object][0m
[35m 13:31 [0m 	[93mUsername: 'whoever' : IP: ::1 : Route: /edit/Download : Function: undefined : File: editRoutes.ts : Result: TypeError [ERR_INVALID_ARG_TYPE]: The "paths[0]" argument must be of type string. Received undefined
    at new NodeError (node:internal/errors:405:5)
    at validateString (node:internal/validators:162:11)
    at resolve (node:path:171:9)
    at ServerResponse.download (F:\github\final-cms\server\node_modules\express\lib\response.js:595:7)
    at F:\github\final-cms\server\routes\editRoutes.ts:263:17
    at Generator.next (<anonymous>)
    at fulfilled (F:\github\final-cms\server\routes\editRoutes.ts:5:58)[0m
[35m 13:33 [0m 	[32mUsername: 'whoever' : IP: ::1 : Route: /edit/Download : Function: undefined : File: editRoutes.ts : Result: [object Object][0m
[35m 13:33 [0m 	[93mUsername: 'whoever' : IP: ::1 : Route: /edit/Download : Function: undefined : File: editRoutes.ts : Result: TypeError [ERR_INVALID_ARG_TYPE]: The "paths[0]" argument must be of type string. Received undefined
    at new NodeError (node:internal/errors:405:5)
    at validateString (node:internal/validators:162:11)
    at resolve (node:path:171:9)
    at ServerResponse.download (F:\github\final-cms\server\node_modules\express\lib\response.js:595:7)
    at F:\github\final-cms\server\routes\editRoutes.ts:263:17
    at Generator.next (<anonymous>)
    at fulfilled (F:\github\final-cms\server\routes\editRoutes.ts:5:58)[0m
[35m 13:34 [0m 	[32mUsername: 'whoever' : IP: ::1 : Route: /edit/Download : Function: undefined : File: editRoutes.ts : Result: [object Object][0m
[35m 13:34 [0m 	[93mUsername: 'whoever' : IP: ::1 : Route: /edit/Download : Function: undefined : File: editRoutes.ts : Result: TypeError [ERR_INVALID_ARG_TYPE]: The "paths[0]" argument must be of type string. Received undefined
    at new NodeError (node:internal/errors:405:5)
    at validateString (node:internal/validators:162:11)
    at resolve (node:path:171:9)
    at ServerResponse.download (F:\github\final-cms\server\node_modules\express\lib\response.js:595:7)
    at F:\github\final-cms\server\routes\editRoutes.ts:263:17
    at Generator.next (<anonymous>)
    at fulfilled (F:\github\final-cms\server\routes\editRoutes.ts:5:58)[0m
[35m 13:34 [0m 	[32mUsername: 'whoever' : IP: ::1 : Route: /edit/Download : Function: undefined : File: editRoutes.ts : Result: [object Object][0m
[35m 13:34 [0m 	[93mUsername: 'whoever' : IP: ::1 : Route: /edit/Download : Function: undefined : File: editRoutes.ts : Result: TypeError [ERR_INVALID_ARG_TYPE]: The "paths[0]" argument must be of type string. Received undefined
    at new NodeError (node:internal/errors:405:5)
    at validateString (node:internal/validators:162:11)
    at resolve (node:path:171:9)
    at ServerResponse.download (F:\github\final-cms\server\node_modules\express\lib\response.js:595:7)
    at F:\github\final-cms\server\routes\editRoutes.ts:263:17
    at Generator.next (<anonymous>)
    at fulfilled (F:\github\final-cms\server\routes\editRoutes.ts:5:58)[0m
[35m 13:34 [0m 	[32mUsername: 'whoever' : IP: ::1 : Route: /edit/Download : Function: undefined : File: editRoutes.ts : Result: [object Object][0m
[35m 13:34 [0m 	[93mUsername: 'whoever' : IP: ::1 : Route: /edit/Download : Function: undefined : File: editRoutes.ts : Result: TypeError [ERR_INVALID_ARG_TYPE]: The "paths[0]" argument must be of type string. Received undefined
    at new NodeError (node:internal/errors:405:5)
    at validateString (node:internal/validators:162:11)
    at resolve (node:path:171:9)
    at ServerResponse.download (F:\github\final-cms\server\node_modules\express\lib\response.js:595:7)
    at F:\github\final-cms\server\routes\editRoutes.ts:263:17
    at Generator.next (<anonymous>)
    at fulfilled (F:\github\final-cms\server\routes\editRoutes.ts:5:58)[0m
[35m 13:35 [0m 	[32mUsername: 'whoever' : IP: ::ffff:127.0.0.1 : Route: /edit/Save : Function: Save : File: editRoutes.ts : Result: File content changed[0m
[35m 13:35 [0m 	[32mUsername: 'whoever' : IP: ::ffff:127.0.0.1 : Route: /edit/Save : Function: Save : File: editRoutes.ts : Result: File content changed[0m
[35m 13:36 [0m 	[32mUsername: 'whoever' : IP: ::ffff:127.0.0.1 : Route: /edit/Save : Function: Save : File: editRoutes.ts : Result: File content changed[0m
[35m 13:37 [0m 	[32mUsername: 'whoever' : IP: ::1 : Route: /edit/Download : Function: undefined : File: editRoutes.ts : Result: [object Object][0m
[35m 13:37 [0m 	[93mUsername: 'whoever' : IP: ::1 : Route: /edit/Download : Function: undefined : File: editRoutes.ts : Result: TypeError [ERR_INVALID_ARG_TYPE]: The "paths[0]" argument must be of type string. Received undefined
    at new NodeError (node:internal/errors:405:5)
    at validateString (node:internal/validators:162:11)
    at resolve (node:path:171:9)
    at ServerResponse.download (F:\github\final-cms\server\node_modules\express\lib\response.js:595:7)
    at F:\github\final-cms\server\routes\editRoutes.ts:261:17
    at Generator.next (<anonymous>)
    at fulfilled (F:\github\final-cms\server\routes\editRoutes.ts:5:58)[0m
[35m 13:37 [0m 	[32mUsername: 'whoever' : IP: ::1 : Route: /edit/Download : Function: undefined : File: editRoutes.ts : Result: [object Object][0m
[35m 13:37 [0m 	[93mUsername: 'whoever' : IP: ::1 : Route: /edit/Download : Function: undefined : File: editRoutes.ts : Result: TypeError [ERR_INVALID_ARG_TYPE]: The "paths[0]" argument must be of type string. Received undefined
    at new NodeError (node:internal/errors:405:5)
    at validateString (node:internal/validators:162:11)
    at resolve (node:path:171:9)
    at ServerResponse.download (F:\github\final-cms\server\node_modules\express\lib\response.js:595:7)
    at F:\github\final-cms\server\routes\editRoutes.ts:261:17
    at Generator.next (<anonymous>)
    at fulfilled (F:\github\final-cms\server\routes\editRoutes.ts:5:58)[0m
[35m 13:38 [0m 	[32mUsername: 'whoever' : IP: ::1 : Route: /edit/Download : Function: undefined : File: editRoutes.ts : Result: [object Object][0m
[35m 13:38 [0m 	[93mUsername: 'whoever' : IP: ::1 : Route: /edit/Download : Function: undefined : File: editRoutes.ts : Result: TypeError [ERR_INVALID_ARG_TYPE]: The "paths[0]" argument must be of type string. Received undefined
    at new NodeError (node:internal/errors:405:5)
    at validateString (node:internal/validators:162:11)
    at resolve (node:path:171:9)
    at ServerResponse.download (F:\github\final-cms\server\node_modules\express\lib\response.js:595:7)
    at F:\github\final-cms\server\routes\editRoutes.ts:261:17
    at Generator.next (<anonymous>)
    at fulfilled (F:\github\final-cms\server\routes\editRoutes.ts:5:58)[0m
[35m 13:40 [0m 	[32mUsername: 'whoever' : IP: ::ffff:127.0.0.1 : Route: /edit/Download : Function: undefined : File: editRoutes.ts : Result: [object Object][0m
[35m 13:40 [0m 	[32mUsername: 'whoever' : IP: ::ffff:127.0.0.1 : Route: /edit/Download : Function: undefined : File: editRoutes.ts : Result: Error: ENOENT: no such file or directory, stat 'F:\github\final-cms\server\test\bestand2.html'[0m
[35m 13:42 [0m 	[32mUsername: 'whoever' : IP: ::ffff:127.0.0.1 : Route: /edit/Download : Function: undefined : File: editRoutes.ts : Result: [object Object][0m
[35m 13:42 [0m 	[32mUsername: 'whoever' : IP: ::ffff:127.0.0.1 : Route: /edit/Download : Function: undefined : File: editRoutes.ts : Result: Error: ENOENT: no such file or directory, stat 'F:\github\final-cms\server\test\bestand2.html'[0m
[35m 13:42 [0m 	[32mUsername: 'whoever' : IP: ::ffff:127.0.0.1 : Route: /edit/Download : Function: undefined : File: editRoutes.ts : Result: [object Object][0m
[35m 13:42 [0m 	[32mUsername: 'whoever' : IP: ::ffff:127.0.0.1 : Route: /edit/Download : Function: undefined : File: editRoutes.ts : Result: Error: ENOENT: no such file or directory, stat 'F:\github\final-cms\server\test\bestand2.html'[0m
[35m 13:43 [0m 	[32mUsername: 'whoever' : IP: ::ffff:127.0.0.1 : Route: /edit/Download : Function: undefined : File: editRoutes.ts : Result: [object Object][0m
[35m 13:43 [0m 	[32mUsername: 'whoever' : IP: ::ffff:127.0.0.1 : Route: /edit/Download : Function: undefined : File: editRoutes.ts : Result: Error: ENOENT: no such file or directory, stat 'F:\github\final-cms\server\test\bestand2.html'[0m
[35m 13:43 [0m 	[32mUsername: 'whoever' : IP: ::ffff:127.0.0.1 : Route: /edit/Download : Function: undefined : File: editRoutes.ts : Result: [object Object][0m
[35m 13:43 [0m 	[32mUsername: 'whoever' : IP: ::ffff:127.0.0.1 : Route: /edit/Download : Function: undefined : File: editRoutes.ts : Result: Error: ENOENT: no such file or directory, stat 'F:\github\final-cms\server\test\bestand2.html'[0m
[35m 13:43 [0m 	[32mUsername: 'whoever' : IP: ::ffff:127.0.0.1 : Route: /edit/Download : Function: undefined : File: editRoutes.ts : Result: [object Object][0m
[35m 13:43 [0m 	[32mUsername: 'whoever' : IP: ::ffff:127.0.0.1 : Route: /edit/Download : Function: undefined : File: editRoutes.ts : Result: Error: ENOENT: no such file or directory, stat 'F:\github\final-cms\server\test\bestand2.html'[0m
[35m 13:43 [0m 	[32mUsername: 'whoever' : IP: ::ffff:127.0.0.1 : Route: /edit/Download : Function: undefined : File: editRoutes.ts : Result: [object Object][0m
[35m 13:43 [0m 	[32mUsername: 'whoever' : IP: ::ffff:127.0.0.1 : Route: /edit/Download : Function: undefined : File: editRoutes.ts : Result: Error: ENOENT: no such file or directory, stat 'F:\github\final-cms\server\test\bestand2.html'[0m
[35m 13:44 [0m 	[32mUsername: 'whoever' : IP: ::ffff:127.0.0.1 : Route: /edit/Download : Function: undefined : File: editRoutes.ts : Result: false[0m
[35m 13:56 [0m 	[32mUsername: 'whoever' : IP: ::ffff:127.0.0.1 : Route: /edit/Download : Function: undefined : File: editRoutes.ts : Result: [object Object][0m
[35m 13:57 [0m 	[32mUsername: 'whoever' : IP: ::ffff:127.0.0.1 : Route: /edit/Download : Function: undefined : File: editRoutes.ts : Result: [object Object][0m
[35m 13:57 [0m 	[32mUsername: 'whoever' : IP: ::ffff:127.0.0.1 : Route: /edit/Download : Function: undefined : File: editRoutes.ts : Result: Error: EISDIR, read
    at SendStream.ondirectory (F:\github\final-cms\server\node_modules\express\lib\response.js:1071:15)
    at SendStream.emit (node:events:514:28)
    at SendStream.emit (node:domain:489:12)
    at SendStream.redirect (F:\github\final-cms\server\node_modules\send\index.js:475:10)
    at onstat (F:\github\final-cms\server\node_modules\send\index.js:723:41)
    at FSReqCallback.oncomplete (node:fs:201:5)[0m
[35m 13:57 [0m 	[32mUsername: 'whoever' : IP: ::ffff:127.0.0.1 : Route: /edit/Download : Function: undefined : File: editRoutes.ts : Result: [object Object][0m
[35m 13:57 [0m 	[32mUsername: 'whoever' : IP: ::ffff:127.0.0.1 : Route: /edit/Download : Function: undefined : File: editRoutes.ts : Result: Error: EISDIR, read
    at SendStream.ondirectory (F:\github\final-cms\server\node_modules\express\lib\response.js:1071:15)
    at SendStream.emit (node:events:514:28)
    at SendStream.emit (node:domain:489:12)
    at SendStream.redirect (F:\github\final-cms\server\node_modules\send\index.js:475:10)
    at onstat (F:\github\final-cms\server\node_modules\send\index.js:723:41)
    at FSReqCallback.oncomplete (node:fs:201:5)[0m
[35m 13:59 [0m 	[32mUsername: 'whoever' : IP: ::ffff:127.0.0.1 : Route: /edit/Download : Function: undefined : File: editRoutes.ts : Result: [object Object][0m
[35m 13:59 [0m 	[32mUsername: 'whoever' : IP: ::ffff:127.0.0.1 : Route: /edit/Download : Function: undefined : File: editRoutes.ts : Result: Error: EISDIR, read
    at SendStream.ondirectory (F:\github\final-cms\server\node_modules\express\lib\response.js:1071:15)
    at SendStream.emit (node:events:514:28)
    at SendStream.emit (node:domain:489:12)
    at SendStream.redirect (F:\github\final-cms\server\node_modules\send\index.js:475:10)
    at onstat (F:\github\final-cms\server\node_modules\send\index.js:723:41)
    at FSReqCallback.oncomplete (node:fs:201:5)[0m
[35m 13:59 [0m 	[32mUsername: 'whoever' : IP: ::ffff:127.0.0.1 : Route: /edit/Download : Function: undefined : File: editRoutes.ts : Result: [object Object][0m
[35m 14:3 [0m 	[32mUsername: 'whoever' : IP: ::ffff:127.0.0.1 : Route: /edit/Download : Function: undefined : File: editRoutes.ts : Result: [object Object][0m
[35m 14:4 [0m 	[32mUsername: 'whoever' : IP: ::ffff:127.0.0.1 : Route: /edit/Download : Function: undefined : File: editRoutes.ts : Result: [object Object][0m
[35m 14:4 [0m 	[32mUsername: 'whoever' : IP: ::ffff:127.0.0.1 : Route: /edit/Download : Function: undefined : File: editRoutes.ts : Result: Error: EISDIR, read
    at SendStream.ondirectory (F:\github\final-cms\server\node_modules\express\lib\response.js:1071:15)
    at SendStream.emit (node:events:514:28)
    at SendStream.emit (node:domain:489:12)
    at SendStream.redirect (F:\github\final-cms\server\node_modules\send\index.js:475:10)
    at onstat (F:\github\final-cms\server\node_modules\send\index.js:723:41)
    at FSReqCallback.oncomplete (node:fs:201:5)[0m
[35m 14:4 [0m 	[32mUsername: 'whoever' : IP: ::ffff:127.0.0.1 : Route: /edit/Download : Function: undefined : File: editRoutes.ts : Result: [object Object][0m
[35m 14:4 [0m 	[32mUsername: 'whoever' : IP: ::ffff:127.0.0.1 : Route: /edit/Download : Function: undefined : File: editRoutes.ts : Result: Error: EISDIR, read
    at SendStream.ondirectory (F:\github\final-cms\server\node_modules\express\lib\response.js:1071:15)
    at SendStream.emit (node:events:514:28)
    at SendStream.emit (node:domain:489:12)
    at SendStream.redirect (F:\github\final-cms\server\node_modules\send\index.js:475:10)
    at onstat (F:\github\final-cms\server\node_modules\send\index.js:723:41)
    at FSReqCallback.oncomplete (node:fs:201:5)[0m
[35m 14:4 [0m 	[32mUsername: 'whoever' : IP: ::ffff:127.0.0.1 : Route: /edit/Download : Function: undefined : File: editRoutes.ts : Result: [object Object][0m
[35m 14:4 [0m 	[32mUsername: 'whoever' : IP: ::ffff:127.0.0.1 : Route: /edit/Download : Function: undefined : File: editRoutes.ts : Result: Error: EISDIR, read
    at SendStream.ondirectory (F:\github\final-cms\server\node_modules\express\lib\response.js:1071:15)
    at SendStream.emit (node:events:514:28)
    at SendStream.emit (node:domain:489:12)
    at SendStream.redirect (F:\github\final-cms\server\node_modules\send\index.js:475:10)
    at onstat (F:\github\final-cms\server\node_modules\send\index.js:723:41)
    at FSReqCallback.oncomplete (node:fs:201:5)[0m
[35m 14:4 [0m 	[32mUsername: 'whoever' : IP: ::ffff:127.0.0.1 : Route: /edit/Download : Function: undefined : File: editRoutes.ts : Result: [object Object][0m
[35m 14:4 [0m 	[32mUsername: 'whoever' : IP: ::ffff:127.0.0.1 : Route: /edit/Download : Function: undefined : File: editRoutes.ts : Result: Error: EISDIR, read
    at SendStream.ondirectory (F:\github\final-cms\server\node_modules\express\lib\response.js:1071:15)
    at SendStream.emit (node:events:514:28)
    at SendStream.emit (node:domain:489:12)
    at SendStream.redirect (F:\github\final-cms\server\node_modules\send\index.js:475:10)
    at onstat (F:\github\final-cms\server\node_modules\send\index.js:723:41)
    at FSReqCallback.oncomplete (node:fs:201:5)[0m
